<?xml version="1.0" encoding="UTF-8"?>
<!-- Generated by org.testng.reporters.JUnitReportReporter -->
<testsuite hostname="DESKTOP-992EA2B" failures="0" tests="6" name="BookingAPITests.BookingAPIFeatureTests" time="30.825" errors="0" timestamp="2024-09-11T22:11:25 IST" skipped="0">
  <testcase classname="BookingAPITests.BookingAPIFeatureTests" name="createBookingTest" time="2.413"/>
  <system-out/>
  <testcase classname="BookingAPITests.BookingAPIFeatureTests" name="deleteBookingTest" time="8.813"/>
  <system-out/>
  <testcase classname="BookingAPITests.BookingAPIFeatureTests" name="partialBookingTest" time="4.563"/>
  <system-out/>
  <testcase classname="BookingAPITests.BookingAPIFeatureTests" name="getBookingIdTest" time="7.645"/>
  <system-out/>
  <testcase classname="BookingAPITests.BookingAPIFeatureTests" name="getBookingIdsTest" time="2.400"/>
  <system-out/>
  <testcase classname="BookingAPITests.BookingAPIFeatureTests" name="updateBookingTest" time="4.991"/>
  <system-out/>
</testsuite> <!-- BookingAPITests.BookingAPIFeatureTests -->
