<?xml version="1.0" encoding="UTF-8"?>
<!-- Generated by org.testng.reporters.JUnitReportReporter -->
<testsuite hostname="DESKTOP-992EA2B" failures="0" tests="1" name="PostWithAuthAPI.AuthAPITest" time="7.112" errors="0" timestamp="2024-09-12T20:54:52 IST" skipped="0">
  <testcase classname="PostWithAuthAPI.AuthAPITest" name="getAuthTokenTest_WithPOJOClass" time="7.112"/>
  <system-out/>
</testsuite> <!-- PostWithAuthAPI.AuthAPITest -->
