<?xml version="1.0" encoding="UTF-8"?>
<!-- Generated by org.testng.reporters.JUnitReportReporter -->
<testsuite hostname="DESKTOP-992EA2B" failures="0" tests="1" name="FakeUserAPITests.CreateFakeUserTests" time="4.414" errors="0" timestamp="2024-09-12T23:31:03 IST" skipped="0">
  <testcase classname="FakeUserAPITests.CreateFakeUserTests" name="createUserTest_Lombok_Builder" time="4.414"/>
  <system-out/>
</testsuite> <!-- FakeUserAPITests.CreateFakeUserTests -->
