<?xml version="1.0" encoding="UTF-8"?>
<!-- Generated by org.testng.reporters.JUnitReportReporter -->
<testsuite hostname="DESKTOP-992EA2B" failures="0" tests="1" name="UpdateUser.CreateUserTest" time="6.049" errors="0" timestamp="2024-09-12T22:21:01 IST" skipped="0">
  <testcase classname="UpdateUser.CreateUserTest" name="updateUserWith_Builder" time="6.049"/>
  <system-out/>
</testsuite> <!-- UpdateUser.CreateUserTest -->
