<?xml version="1.0" encoding="UTF-8"?>
<!-- Generated by org.testng.reporters.JUnitReportReporter -->
<testsuite hostname="DESKTOP-992EA2B" failures="0" tests="1" name="GETAPITestsWithBDD.FetchResponseDataConcept" time="5.039" errors="0" timestamp="2024-09-07T15:58:30 IST" skipped="0">
  <testcase classname="GETAPITestsWithBDD.FetchResponseDataConcept" name="getProduct_FetchNestedData" time="5.039"/>
  <system-out/>
</testsuite> <!-- GETAPITestsWithBDD.FetchResponseDataConcept -->
