<?xml version="1.0" encoding="UTF-8"?>
<!-- Generated by org.testng.reporters.JUnitReportReporter -->
<testsuite hostname="DESKTOP-992EA2B" failures="0" tests="1" name="POSTAPIWithCreateUser.CreateUserAPITest" time="5.104" errors="0" timestamp="2024-09-11T16:48:09 IST" skipped="0">
  <testcase classname="POSTAPIWithCreateUser.CreateUserAPITest" name="getAuthTokenTest_WithJSONFile" time="5.104"/>
  <system-out/>
</testsuite> <!-- POSTAPIWithCreateUser.CreateUserAPITest -->
