<?xml version="1.0" encoding="UTF-8"?>
<!-- Generated by org.testng.reporters.JUnitReportReporter -->
<testsuite hostname="DESKTOP-992EA2B" failures="0" tests="6" name="GorestAPITests.GorestAPIFeatureTests" time="17.247" errors="0" timestamp="2024-09-12T00:33:45 IST" skipped="0">
  <testcase classname="GorestAPITests.GorestAPIFeatureTests" name="deleteaUserTest" time="4.240"/>
  <system-out/>
  <testcase classname="GorestAPITests.GorestAPIFeatureTests" name="updateUserTest" time="3.564"/>
  <system-out/>
  <testcase classname="GorestAPITests.GorestAPIFeatureTests" name="getUserIdTest" time="2.187"/>
  <system-out/>
  <testcase classname="GorestAPITests.GorestAPIFeatureTests" name="partialUserTest" time="2.531"/>
  <system-out/>
  <testcase classname="GorestAPITests.GorestAPIFeatureTests" name="createaUserTest" time="3.852"/>
  <system-out/>
  <testcase classname="GorestAPITests.GorestAPIFeatureTests" name="getUserIdsTest" time="0.873"/>
  <system-out/>
</testsuite> <!-- GorestAPITests.GorestAPIFeatureTests -->
