<?xml version="1.0" encoding="UTF-8"?>
<!-- Generated by org.testng.reporters.JUnitReportReporter -->
<testsuite hostname="DESKTOP-992EA2B" failures="0" tests="1" name="GETAPITestsWithoutBDD.ProductAPIsTest" time="4.515" errors="0" timestamp="2024-09-04T23:09:28 IST" skipped="0">
  <testcase classname="GETAPITestsWithoutBDD.ProductAPIsTest" name="getProductsTest1" time="4.515"/>
  <system-out/>
</testsuite> <!-- GETAPITestsWithoutBDD.ProductAPIsTest -->
