<?xml version="1.0" encoding="UTF-8"?>
<!-- Generated by org.testng.reporters.JUnitReportReporter -->
<testsuite hostname="DESKTOP-992EA2B" failures="0" tests="1" name="UpdateUser.UpdateUserWithPOJO" time="7.530" errors="0" timestamp="2024-09-12T21:32:04 IST" skipped="0">
  <testcase classname="UpdateUser.UpdateUserWithPOJO" name="updateUserWith_POJO" time="7.530"/>
  <system-out/>
</testsuite> <!-- UpdateUser.UpdateUserWithPOJO -->
