<?xml version="1.0" encoding="UTF-8"?>
<!-- Generated by org.testng.reporters.JUnitReportReporter -->
<testsuite hostname="DESKTOP-992EA2B" failures="0" tests="1" name="PostWithMultipleOptions.PostAPIWithDifferetData" time="5.060" errors="0" timestamp="2024-09-14T23:51:05 IST" skipped="0">
  <testcase classname="PostWithMultipleOptions.PostAPIWithDifferetData" name="bodyWithPDFTest" time="5.060"/>
  <system-out/>
</testsuite> <!-- PostWithMultipleOptions.PostAPIWithDifferetData -->
