<?xml version="1.0" encoding="UTF-8"?>
<!-- Generated by org.testng.reporters.JUnitReportReporter -->
<testsuite hostname="DESKTOP-992EA2B" failures="0" tests="1" name="LambokWithJsonArray.CreateUserWithJsonArrayLombokPOJO" time="3.348" errors="0" timestamp="2024-09-14T22:40:04 IST" skipped="0">
  <testcase classname="LambokWithJsonArray.CreateUserWithJsonArrayLombokPOJO" name="createAnimalUserWithJsonArray_LombokBuilder" time="3.348"/>
  <system-out/>
</testsuite> <!-- LambokWithJsonArray.CreateUserWithJsonArrayLombokPOJO -->
