<?xml version="1.0" encoding="UTF-8"?>
<!-- Generated by org.testng.reporters.JUnitReportReporter -->
<testsuite hostname="DESKTOP-992EA2B" failures="0" tests="1" name="GETAPITestsWithBDD.GETAPIWithQueryParamsAndPathParams" time="4.460" errors="0" timestamp="2024-09-07T16:10:32 IST" skipped="0">
  <testcase classname="GETAPITestsWithBDD.GETAPIWithQueryParamsAndPathParams" name="getUserAPI_WithPathParams" time="4.460"/>
  <system-out/>
</testsuite> <!-- GETAPITestsWithBDD.GETAPIWithQueryParamsAndPathParams -->
