<?xml version="1.0" encoding="UTF-8"?>
<!-- Generated by org.testng.reporters.JUnitReportReporter -->
<testsuite hostname="DESKTOP-992EA2B" failures="0" tests="2" name="GETAPITestsWithBDD.ContactsAPIsTests" time="6.891" errors="0" timestamp="2024-09-04T23:15:36 IST" skipped="0">
  <testcase classname="GETAPITestsWithBDD.ContactsAPIsTests" name="getContactsAPITest" time="5.381"/>
  <system-out/>
  <testcase classname="GETAPITestsWithBDD.ContactsAPIsTests" name="getContactsAPITest_WithInvalidToken" time="1.510"/>
  <system-out/>
</testsuite> <!-- GETAPITestsWithBDD.ContactsAPIsTests -->
